<?xml version="1.0" encoding="UTF-8" ?>
<testsuite tests="3" failures="0" name="it.frank.deferred.ObserverTest" time="0.073" errors="0" skipped="0">
  <properties>
[...]
</properties>
  <testcase classname="it.frank.deferred.ObserverTest" name="testExecutionContext_StepsAndObserver_FirstFail" time="0.056"/>
  <testcase classname="it.frank.deferred.ObserverTest" name="testExecutionContext_StepsAndObserver_AllOk" time="0.004"/>
  <testcase classname="it.frank.deferred.ObserverTest" name="testExecutionContext_StepsAndObserver_FirstFail_NoBlock" time="0.012"/>
</testsuite>