<?xml version="1.0" encoding="UTF-8" ?>
<testsuite tests="5" failures="0" name="it.frank.deferred.DeferredExecutorTest" time="0.02" errors="0" skipped="0">
  <properties>
[...]
</properties>
  <testcase classname="it.frank.deferred.DeferredExecutorTest" name="testAllOk" time="0.001"/>
  <testcase classname="it.frank.deferred.DeferredExecutorTest" name="testSecondOfThreeFails_NoBlock" time="0.007"/>
  <testcase classname="it.frank.deferred.DeferredExecutorTest" name="testSecondOfThreeFails" time="0.011"/>
  <testcase classname="it.frank.deferred.DeferredExecutorTest" name="testInvalidArguments" time="0"/>
  <testcase classname="it.frank.deferred.DeferredExecutorTest" name="testNoTask" time="0"/>
</testsuite>